<html>
<body>
<pre>
<h1>Vision Build Log</h1>
<h2>Project:</h2>
C:\Users\hp\Documents\GitHub\Cube_Sw\Project\MDK-ARM(uV4)\project.uvproj
Project File Date:  05/06/2015

<h2>Output:</h2>
Build target 'Flash'
compiling main.c...
compiling os_app_hooks.c...
compiling stm32f4xx_it.c...
compiling bsp.c...
compiling bsp_os.c...
compiling bsp_sdio_sd.c...
compiling bsp_fsmc_sram.c...
compiling bsp_led.c...
compiling bsp_rtc.c...
compiling bsp_nor_flash.c...
compiling bsp_iwdg.c...
compiling bsp_uart_fifo.c...
compiling bsp_cpu_flash.c...
assembling startup_stm32f40_41xxx.s...
compiling stm32f4xx_rcc.c...
compiling stm32f4xx_syscfg.c...
compiling misc.c...
compiling stm32f4xx_gpio.c...
compiling stm32f4xx_usart.c...
compiling stm32f4xx_exti.c...
compiling stm32f4xx_iwdg.c...
compiling stm32f4xx_tim.c...
compiling stm32f4xx_wwdg.c...
compiling stm32f4xx_crc.c...
compiling stm32f4xx_spi.c...
compiling stm32f4xx_fsmc.c...
compiling stm32f4xx_sdio.c...
compiling stm32f4xx_dma.c...
compiling stm32f4xx_adc.c...
compiling stm32f4xx_rng.c...
compiling stm32f4xx_rtc.c...
compiling stm32f4xx_pwr.c...
compiling stm32f4xx_flash.c...
compiling system_stm32f4xx.c...
compiling cpu_core.c...
assembling cpu_a.asm...
compiling cpu_c.c...
compiling lib_ascii.c...
compiling lib_math.c...
compiling lib_mem.c...
compiling lib_str.c...
assembling lib_mem_a.asm...
compiling os_cfg_app.c...
compiling os_core.c...
compiling os_dbg.c...
compiling os_flag.c...
compiling os_int.c...
compiling os_mem.c...
compiling os_msg.c...
compiling os_mutex.c...
compiling os_pend_multi.c...
compiling os_prio.c...
compiling os_q.c...
compiling os_sem.c...
compiling os_stat.c...
compiling os_task.c...
compiling os_tick.c...
compiling os_time.c...
compiling os_tmr.c...
compiling os_var.c...
assembling os_cpu_a.asm...
compiling os_cpu_c.c...
compiling diskio.c...
compiling ff.c...
compiling Task_Gps.c...
compiling Task_Tel.c...
compiling Task_Pload.c...
compiling Task_Monitor.c...
compiling Task_Test.c...
compiling Task_Output.c...
compiling bsp_i2c0.c...
compiling bsp_ReceiveDeal.c...
compiling globalavr.c...
..\..\User\bsp_user\globalavr.c(167): warning:  #550-D: variable "VarBackupBuff" was set but never used
compiling bsp_spi_motor.c...
compiling bsp_adc.c...
compiling bsp_pwm.c...
compiling bsp_PVD.c...
compiling bsp_gps.c...
compiling bsp_rng.c...
compiling bsp_i2c1.c...
compiling bsp_switch.c...
compiling bsp_Fipex.c...
compiling globalavr_adcs.c...
compiling attCac.c...
compiling base.c...
compiling global.c...
compiling sgp4unit.c...
compiling slfMath.c...
linking...
Program Size: Code=100900 RO-data=1816 RW-data=756 ZI-data=59532  
FromELF: creating hex file...
User command #1: CopyHex_Flash.bat
C:\Users\hp\Documents\GitHub\Cube_Sw\Project\MDK-ARM(uV4)>copy Flash\Obj\output.hex ..\output(mdk).hex 
已复制         1 个文件。
".\Flash\Obj\output.axf" - 0 Error(s), 1 Warning(s).
Build target 'Flash'
compiling bsp_ReceiveDeal.c...
linking...
Program Size: Code=100924 RO-data=1816 RW-data=756 ZI-data=59532  
FromELF: creating hex file...
User command #1: CopyHex_Flash.bat
C:\Users\hp\Documents\GitHub\Cube_Sw\Project\MDK-ARM(uV4)>copy Flash\Obj\output.hex ..\output(mdk).hex 
已复制         1 个文件。
".\Flash\Obj\output.axf" - 0 Error(s), 0 Warning(s).
Build target 'Flash'
compiling bsp_ReceiveDeal.c...
..\..\User\bsp_user\bsp_ReceiveDeal.c(867): error:  #268: declaration may not appear after executable statement in block
..\..\User\bsp_user\bsp_ReceiveDeal.c(867): warning:  #940-D: missing return statement at end of non-void function "InsDecode"
..\..\User\bsp_user\bsp_ReceiveDeal.c(867): error:  #67: expected a "}"
Target not created
Build target 'Flash'
compiling bsp_ReceiveDeal.c...
linking...
Program Size: Code=100948 RO-data=1816 RW-data=756 ZI-data=59532  
FromELF: creating hex file...
User command #1: CopyHex_Flash.bat
C:\Users\hp\Documents\GitHub\Cube_Sw\Project\MDK-ARM(uV4)>copy Flash\Obj\output.hex ..\output(mdk).hex 
已复制         1 个文件。
".\Flash\Obj\output.axf" - 0 Error(s), 0 Warning(s).
Build target 'Flash'
compiling bsp_ReceiveDeal.c...
linking...
Program Size: Code=101020 RO-data=1816 RW-data=756 ZI-data=59532  
FromELF: creating hex file...
User command #1: CopyHex_Flash.bat
C:\Users\hp\Documents\GitHub\Cube_Sw\Project\MDK-ARM(uV4)>copy Flash\Obj\output.hex ..\output(mdk).hex 
已复制         1 个文件。
".\Flash\Obj\output.axf" - 0 Error(s), 0 Warning(s).
Build target 'Flash'
compiling bsp_ReceiveDeal.c...
linking...
Program Size: Code=101020 RO-data=1816 RW-data=756 ZI-data=59532  
FromELF: creating hex file...
User command #1: CopyHex_Flash.bat
C:\Users\hp\Documents\GitHub\Cube_Sw\Project\MDK-ARM(uV4)>copy Flash\Obj\output.hex ..\output(mdk).hex 
已复制         1 个文件。
".\Flash\Obj\output.axf" - 0 Error(s), 0 Warning(s).
Build target 'Flash'
compiling bsp_ReceiveDeal.c...
linking...
Program Size: Code=101316 RO-data=1816 RW-data=756 ZI-data=59532  
FromELF: creating hex file...
User command #1: CopyHex_Flash.bat
C:\Users\hp\Documents\GitHub\Cube_Sw\Project\MDK-ARM(uV4)>copy Flash\Obj\output.hex ..\output(mdk).hex 
已复制         1 个文件。
".\Flash\Obj\output.axf" - 0 Error(s), 0 Warning(s).
Build target 'Flash'
compiling bsp_ReceiveDeal.c...
linking...
Program Size: Code=101492 RO-data=1816 RW-data=756 ZI-data=59532  
FromELF: creating hex file...
User command #1: CopyHex_Flash.bat
C:\Users\hp\Documents\GitHub\Cube_Sw\Project\MDK-ARM(uV4)>copy Flash\Obj\output.hex ..\output(mdk).hex 
已复制         1 个文件。
".\Flash\Obj\output.axf" - 0 Error(s), 0 Warning(s).
